2002.07.27 19:03 B c:\documenti\famiglia\ale\sito\Immagini\Alessandro.jpg --> ftp.digiland.it /digilander/renato1958/Immagini Alessandro.jpg
2002.07.27 19:03 B c:\documenti\famiglia\ale\sito\Immagini\amici.jpg --> ftp.digiland.it /digilander/renato1958/Immagini amici.jpg
2002.07.27 19:03 B c:\documenti\famiglia\ale\sito\Immagini\amici.psp --> ftp.digiland.it /digilander/renato1958/Immagini amici.psp
2002.07.27 19:03 B c:\documenti\famiglia\ale\sito\Immagini\ciao1.jpg --> ftp.digiland.it /digilander/renato1958/Immagini ciao1.jpg
2002.07.27 19:03 B c:\documenti\famiglia\ale\sito\Immagini\ciao1.psp --> ftp.digiland.it /digilander/renato1958/Immagini ciao1.psp
2002.07.27 19:04 B c:\documenti\famiglia\ale\sito\Immagini\ciao2.jpg --> ftp.digiland.it /digilander/renato1958/Immagini ciao2.jpg
2002.07.27 19:04 B c:\documenti\famiglia\ale\sito\Immagini\ciao2.psp --> ftp.digiland.it /digilander/renato1958/Immagini ciao2.psp
2002.07.27 19:04 B c:\documenti\famiglia\ale\sito\Immagini\ciaociao.jpg --> ftp.digiland.it /digilander/renato1958/Immagini ciaociao.jpg
2002.07.27 19:04 B c:\documenti\famiglia\ale\sito\Immagini\winnie.jpg --> ftp.digiland.it /digilander/renato1958/Immagini winnie.jpg
2002.07.27 19:04 B c:\documenti\famiglia\ale\sito\Immagini\winnie.psp --> ftp.digiland.it /digilander/renato1958/Immagini winnie.psp
2002.07.28 20:51 B C:\Documenti\Famiglia\Ale\Sito\Immagini\ButFamOff.jpg --> ftp.digiland.it /digilander/renato1958 ButFamOff.jpg
2002.07.28 20:51 B C:\Documenti\Famiglia\Ale\Sito\Immagini\ButFamOn.jpg --> ftp.digiland.it /digilander/renato1958 ButFamOn.jpg
2002.07.28 20:51 B C:\Documenti\Famiglia\Ale\Sito\Immagini\ButFamOff.jpg --> ftp.digiland.it /digilander/renato1958/Immagini ButFamOff.jpg
2002.07.28 20:51 B C:\Documenti\Famiglia\Ale\Sito\Immagini\ButFamOn.jpg --> ftp.digiland.it /digilander/renato1958/Immagini ButFamOn.jpg
2002.07.31 21:44 B C:\Documenti\Famiglia\Ale\Sito\Immagini\ButHomeOff.jpg --> ftp.digiland.it /digilander/renato1958/Immagini ButHomeOff.jpg
2002.07.31 21:44 B C:\Documenti\Famiglia\Ale\Sito\Immagini\ButHomeOn.jpg --> ftp.digiland.it /digilander/renato1958/Immagini ButHomeOn.jpg
2002.08.10 15:14 B C:\Documenti\Famiglia\Ale\Sito\Immagini\Alessandro.jpg --> ftp.digiland.it /digilander/renato1958/Immagini Alessandro.jpg
2002.08.10 15:15 B C:\Documenti\Famiglia\Ale\Sito\Immagini\amici.jpg --> ftp.digiland.it /digilander/renato1958/Immagini amici.jpg
2002.08.10 15:15 B C:\Documenti\Famiglia\Ale\Sito\Immagini\Anna.jpg --> ftp.digiland.it /digilander/renato1958/Immagini Anna.jpg
2002.08.10 15:15 B C:\Documenti\Famiglia\Ale\Sito\Immagini\annaLabel.jpg --> ftp.digiland.it /digilander/renato1958/Immagini annaLabel.jpg
2002.08.10 15:15 B C:\Documenti\Famiglia\Ale\Sito\Immagini\blank.jpg --> ftp.digiland.it /digilander/renato1958/Immagini blank.jpg
2002.08.10 15:15 B C:\Documenti\Famiglia\Ale\Sito\Immagini\ButAvantiOff.jpg --> ftp.digiland.it /digilander/renato1958/Immagini ButAvantiOff.jpg
2002.08.10 15:15 B C:\Documenti\Famiglia\Ale\Sito\Immagini\ButAvantiOn.jpg --> ftp.digiland.it /digilander/renato1958/Immagini ButAvantiOn.jpg
2002.08.10 15:15 B C:\Documenti\Famiglia\Ale\Sito\Immagini\ButFamOff.jpg --> ftp.digiland.it /digilander/renato1958/Immagini ButFamOff.jpg
2002.08.10 15:15 B C:\Documenti\Famiglia\Ale\Sito\Immagini\ButFamOn.jpg --> ftp.digiland.it /digilander/renato1958/Immagini ButFamOn.jpg
2002.08.10 15:15 B C:\Documenti\Famiglia\Ale\Sito\Immagini\ButHomeOff.jpg --> ftp.digiland.it /digilander/renato1958/Immagini ButHomeOff.jpg
2002.08.10 15:15 B C:\Documenti\Famiglia\Ale\Sito\Immagini\ButHomeOn.jpg --> ftp.digiland.it /digilander/renato1958/Immagini ButHomeOn.jpg
2002.08.10 15:15 B C:\Documenti\Famiglia\Ale\Sito\Immagini\ButIndietroOff.jpg --> ftp.digiland.it /digilander/renato1958/Immagini ButIndietroOff.jpg
2002.08.10 15:15 B C:\Documenti\Famiglia\Ale\Sito\Immagini\ButIndietroOn.jpg --> ftp.digiland.it /digilander/renato1958/Immagini ButIndietroOn.jpg
2002.08.10 15:15 B C:\Documenti\Famiglia\Ale\Sito\Immagini\ciao1.jpg --> ftp.digiland.it /digilander/renato1958/Immagini ciao1.jpg
2002.08.10 15:15 B C:\Documenti\Famiglia\Ale\Sito\Immagini\ciao2.jpg --> ftp.digiland.it /digilander/renato1958/Immagini ciao2.jpg
2002.08.10 15:15 B C:\Documenti\Famiglia\Ale\Sito\Immagini\ciaociao.jpg --> ftp.digiland.it /digilander/renato1958/Immagini ciaociao.jpg
2002.08.10 15:16 B C:\Documenti\Famiglia\Ale\Sito\Immagini\IoEMamma.jpg --> ftp.digiland.it /digilander/renato1958/Immagini IoEMamma.jpg
2002.08.10 15:16 B C:\Documenti\Famiglia\Ale\Sito\Immagini\IoEPapa.jpg --> ftp.digiland.it /digilander/renato1958/Immagini IoEPapa.jpg
2002.08.10 15:16 B C:\Documenti\Famiglia\Ale\Sito\Immagini\Lori.jpg --> ftp.digiland.it /digilander/renato1958/Immagini Lori.jpg
2002.08.10 15:16 B C:\Documenti\Famiglia\Ale\Sito\Immagini\mammaLabel.jpg --> ftp.digiland.it /digilander/renato1958/Immagini mammaLabel.jpg
2002.08.10 15:16 B C:\Documenti\Famiglia\Ale\Sito\Immagini\papaLabel.jpg --> ftp.digiland.it /digilander/renato1958/Immagini papaLabel.jpg
2002.08.10 15:16 B C:\Documenti\Famiglia\Ale\Sito\Immagini\phGallery.jpg --> ftp.digiland.it /digilander/renato1958/Immagini phGallery.jpg
2002.08.10 15:16 B C:\Documenti\Famiglia\Ale\Sito\Immagini\winnie.jpg --> ftp.digiland.it /digilander/renato1958/Immagini winnie.jpg
2002.08.10 15:16 B C:\Documenti\Famiglia\Ale\Sito\Immagini\ziaLabel.jpg --> ftp.digiland.it /digilander/renato1958/Immagini ziaLabel.jpg
2002.08.11 16:58 B c:\documenti\famiglia\ale\sito\Immagini\Anna.jpg --> ftp.digiland.it /digilander/renato1958/Immagini Anna.jpg
2002.08.23 18:05 B c:\documenti\famiglia\ale\sito\Immagini\Anna.jpg --> ftp.digiland.it /digilander/renato1958/Immagini Anna.jpg
2002.08.23 18:45 B c:\documenti\famiglia\ale\sito\Immagini\nonna.JPG --> ftp.digiland.it /digilander/renato1958/Immagini nonna.JPG
2002.08.23 18:45 B c:\documenti\famiglia\ale\sito\Immagini\nonnaLabel.jpg --> ftp.digiland.it /digilander/renato1958/Immagini nonnaLabel.jpg
2002.08.23 18:54 B c:\documenti\famiglia\ale\sito\Immagini\Alessandro.jpg --> ftp.digiland.it /digilander/renato1958/Immagini Alessandro.jpg
2002.08.23 18:55 B c:\documenti\famiglia\ale\sito\Immagini\amici.jpg --> ftp.digiland.it /digilander/renato1958/Immagini amici.jpg
2002.08.23 18:55 B c:\documenti\famiglia\ale\sito\Immagini\Anna.jpg --> ftp.digiland.it /digilander/renato1958/Immagini Anna.jpg
2002.08.23 18:55 B c:\documenti\famiglia\ale\sito\Immagini\annaLabel.jpg --> ftp.digiland.it /digilander/renato1958/Immagini annaLabel.jpg
2002.08.23 18:55 B c:\documenti\famiglia\ale\sito\Immagini\blank.jpg --> ftp.digiland.it /digilander/renato1958/Immagini blank.jpg
2002.08.23 18:55 B c:\documenti\famiglia\ale\sito\Immagini\ButAvantiOff.jpg --> ftp.digiland.it /digilander/renato1958/Immagini ButAvantiOff.jpg
2002.08.23 19:41 B c:\documenti\famiglia\ale\sito\Immagini\Alessandro.jpg --> ftp.digiland.it /digilander/renato1958/Immagini Alessandro.jpg
2002.08.23 20:49 B c:\documenti\famiglia\ale\sito\Immagini\nonna.jpg --> ftp.digiland.it /digilander/renato1958/Immagini nonna.jpg
2002.08.26 21:30 B c:\documenti\famiglia\ale\sito\Immagini\ioEFranci.jpg --> ftp.digiland.it /digilander/renato1958/Immagini ioEFranci.jpg
2002.08.26 21:31 B c:\documenti\famiglia\ale\sito\Immagini\ioEFranciLabel.jpg --> ftp.digiland.it /digilander/renato1958/Immagini ioEFranciLabel.jpg
2003.08.26 19:21 B C:\Documents and Settings\Ale\Documenti\Sito\Immagini\Ale2003.jpg --> ftp.digiland.it /digilander/renato1958/Immagini Ale2003.jpg
2003.12.09 21:39 B C:\Documents and Settings\Ale\Documenti\Sito\Immagini\Ale_Inter.jpg --> ftp.digiland.it /digilander/renato1958/Immagini Ale_Inter.jpg
2003.12.09 21:39 B C:\Documents and Settings\Ale\Documenti\Sito\Immagini\AleInterLabel.jpg --> ftp.digiland.it /digilander/renato1958/Immagini AleInterLabel.jpg
2003.12.09 22:01 B C:\Documents and Settings\Ale\Documenti\Sito\Immagini\AleNatale2003.jpg --> ftp.digiland.it /digilander/renato1958/Immagini AleNatale2003.jpg
2003.12.09 22:01 B C:\Documents and Settings\Ale\Documenti\Sito\Immagini\AleNatale2003Label.jpg --> ftp.digiland.it /digilander/renato1958/Immagini AleNatale2003Label.jpg
